0 info it worked if it ends with ok
1 verbose cli [ '/usr/bin/node', '/bin/npm', 'start', 'build' ]
2 info using npm@6.4.1
3 info using node@v8.15.0
4 verbose run-script [ 'prestart', 'start', 'poststart' ]
5 info lifecycle frontend@0.1.0~prestart: frontend@0.1.0
6 info lifecycle frontend@0.1.0~start: frontend@0.1.0
7 verbose lifecycle frontend@0.1.0~start: unsafe-perm in lifecycle true
8 verbose lifecycle frontend@0.1.0~start: PATH: /usr/lib/node_modules/npm/node_modules/npm-lifecycle/node-gyp-bin:/home/ragav/frontend/node_modules/.bin:/usr/local/sbin:/usr/local/bin:/sbin:/bin:/usr/sbin:/usr/bin:/root/bin
9 verbose lifecycle frontend@0.1.0~start: CWD: /home/ragav/frontend
10 silly lifecycle frontend@0.1.0~start: Args: [ '-c', 'react-scripts start "build"' ]
11 info lifecycle frontend@0.1.0~start: Failed to exec start script
12 verbose stack Error: frontend@0.1.0 start: `react-scripts start "build"`
12 verbose stack spawn ENOENT
12 verbose stack     at ChildProcess.<anonymous> (/usr/lib/node_modules/npm/node_modules/npm-lifecycle/lib/spawn.js:48:18)
12 verbose stack     at emitTwo (events.js:126:13)
12 verbose stack     at ChildProcess.emit (events.js:214:7)
12 verbose stack     at maybeClose (internal/child_process.js:915:16)
12 verbose stack     at Process.ChildProcess._handle.onexit (internal/child_process.js:209:5)
13 verbose pkgid frontend@0.1.0
14 verbose cwd /home/ragav/frontend
15 verbose Linux 3.10.0-957.1.3.el7.x86_64
16 verbose argv "/usr/bin/node" "/bin/npm" "start" "build"
17 verbose node v8.15.0
18 verbose npm  v6.4.1
19 error file sh
20 error code ELIFECYCLE
21 error errno ENOENT
22 error syscall spawn
23 error frontend@0.1.0 start: `react-scripts start "build"`
23 error spawn ENOENT
24 error Failed at the frontend@0.1.0 start script.
24 error This is probably not a problem with npm. There is likely additional logging output above.
25 verbose exit [ 1, true ]
